Base path: C:/Program Files/Unity/Hub/Editor/2018.3.3f1/Editor/Data
Cmd: initializeCompiler
Cmd: preprocessCompute
  insize=5168 outsize=5170 ok=1
Cmd: preprocessCompute
  insize=2739 outsize=2741 ok=1
Cmd: preprocess
  insize=10405 outsize=416 ok=1
Cmd: preprocessCompute
  insize=5059 outsize=5061 ok=1
Cmd: preprocessCompute
  insize=2739 outsize=2741 ok=1
Cmd: preprocess
  insize=10405 outsize=416 ok=1
Cmd: preprocessCompute
  insize=7123 outsize=7125 ok=1
Cmd: preprocessCompute
  insize=9126 outsize=9128 ok=1
Cmd: preprocess
  insize=10043 outsize=416 ok=1
Cmd: preprocessCompute
  insize=5059 outsize=5061 ok=1
Cmd: preprocessCompute
  insize=2739 outsize=2741 ok=1
Cmd: preprocess
  insize=10405 outsize=416 ok=1
Cmd: preprocessCompute
  insize=7123 outsize=7125 ok=1
Cmd: preprocessCompute
  insize=9126 outsize=9128 ok=1
Cmd: preprocess
  insize=10043 outsize=416 ok=1
Cmd: preprocessCompute
  insize=7123 outsize=7125 ok=1
Cmd: preprocessCompute
  insize=9126 outsize=9128 ok=1
Cmd: preprocess
  insize=10043 outsize=416 ok=1
Cmd: preprocessCompute
  insize=7123 outsize=7125 ok=1
Cmd: preprocessCompute
  insize=9126 outsize=9128 ok=1
Cmd: preprocess
  insize=10043 outsize=416 ok=1
Cmd: preprocessCompute
  insize=7154 outsize=7156 ok=1
Cmd: preprocessCompute
  insize=8856 outsize=8858 ok=1
Cmd: preprocess
  insize=10137 outsize=416 ok=1
Cmd: preprocessCompute
  insize=7154 outsize=7156 ok=1
Cmd: preprocessCompute
  insize=8856 outsize=8858 ok=1
Cmd: preprocess
  insize=10137 outsize=416 ok=1
